
2016-01-14 18:24:58
[WARN]-[Thread: http--8080-1$508074218]-[com.jfinal.plugin.ehcache.CacheKit.getOrAddCache()]: Could not find cache config [section_show_list], using default.

2016-01-14 18:24:58
[WARN]-[Thread: http--8080-1$508074218]-[com.jfinal.plugin.ehcache.CacheKit.getOrAddCache()]: Could not find cache config [link_list], using default.

2016-01-14 18:24:58
[WARN]-[Thread: http--8080-1$508074218]-[com.jfinal.plugin.ehcache.CacheKit.getOrAddCache()]: Could not find cache config [default_section], using default.

2016-01-14 18:24:58
[ERROR]-[Thread: http--8080-1$508074218]-[com.jfinal.core.ActionHandler.handle()]: /
com.jfinal.plugin.activerecord.ActiveRecordException: com.mysql.jdbc.exceptions.jdbc4.MySQLSyntaxErrorException: Unknown column 'default_show' in 'where clause'
	at com.jfinal.plugin.activerecord.Model.find(Model.java:527)
	at com.jfinal.plugin.activerecord.Model.findByCache(Model.java:787)
	at com.jfinal.plugin.activerecord.Model.findByCache(Model.java:797)
	at com.jmaox.section.Section.findDefault(Section.java:31)
	at com.jmaox.index.IndexController.index(IndexController.java:51)
	at sun.reflect.NativeMethodAccessorImpl.invoke0(Native Method)
	at sun.reflect.NativeMethodAccessorImpl.invoke(NativeMethodAccessorImpl.java:57)
	at sun.reflect.DelegatingMethodAccessorImpl.invoke(DelegatingMethodAccessorImpl.java:43)
	at java.lang.reflect.Method.invoke(Method.java:606)
	at com.jfinal.aop.Invocation.invoke(Invocation.java:71)
	at com.jmaox.interceptor.CommonInterceptor.intercept(CommonInterceptor.java:43)
	at com.jfinal.aop.Invocation.invoke(Invocation.java:65)
	at com.jfinal.ext.interceptor.SessionInViewInterceptor.intercept(SessionInViewInterceptor.java:44)
	at com.jfinal.aop.Invocation.invoke(Invocation.java:65)
	at com.jfinal.core.ActionHandler.handle(ActionHandler.java:74)
	at com.jmaox.handler.HtmlHandler.handle(HtmlHandler.java:17)
	at com.jfinal.plugin.druid.DruidStatViewHandler.handle(DruidStatViewHandler.java:75)
	at com.jfinal.core.JFinalFilter.doFilter(JFinalFilter.java:72)
	at com.caucho.server.dispatch.FilterFilterChain.doFilter(FilterFilterChain.java:87)
	at com.caucho.server.webapp.WebAppFilterChain.doFilter(WebAppFilterChain.java:187)
	at com.caucho.server.dispatch.ServletInvocation.service(ServletInvocation.java:265)
	at com.caucho.server.http.HttpRequest.handleRequest(HttpRequest.java:273)
	at com.caucho.server.port.TcpConnection.run(TcpConnection.java:682)
	at com.caucho.util.ThreadPool$Item.runTasks(ThreadPool.java:730)
	at com.caucho.util.ThreadPool$Item.run(ThreadPool.java:649)
	at java.lang.Thread.run(Thread.java:745)
Caused by: com.mysql.jdbc.exceptions.jdbc4.MySQLSyntaxErrorException: Unknown column 'default_show' in 'where clause'
	at sun.reflect.NativeConstructorAccessorImpl.newInstance0(Native Method)
	at sun.reflect.NativeConstructorAccessorImpl.newInstance(NativeConstructorAccessorImpl.java:57)
	at sun.reflect.DelegatingConstructorAccessorImpl.newInstance(DelegatingConstructorAccessorImpl.java:45)
	at java.lang.reflect.Constructor.newInstance(Constructor.java:526)
	at com.mysql.jdbc.Util.handleNewInstance(Util.java:389)
	at com.mysql.jdbc.Util.getInstance(Util.java:372)
	at com.mysql.jdbc.SQLError.createSQLException(SQLError.java:980)
	at com.mysql.jdbc.MysqlIO.checkErrorPacket(MysqlIO.java:3835)
	at com.mysql.jdbc.MysqlIO.checkErrorPacket(MysqlIO.java:3771)
	at com.mysql.jdbc.MysqlIO.sendCommand(MysqlIO.java:2435)
	at com.mysql.jdbc.MysqlIO.sqlQueryDirect(MysqlIO.java:2582)
	at com.mysql.jdbc.ConnectionImpl.execSQL(ConnectionImpl.java:2535)
	at com.mysql.jdbc.PreparedStatement.executeInternal(PreparedStatement.java:1911)
	at com.mysql.jdbc.PreparedStatement.executeQuery(PreparedStatement.java:2034)
	at com.alibaba.druid.filter.FilterChainImpl.preparedStatement_executeQuery(FilterChainImpl.java:2714)
	at com.alibaba.druid.wall.WallFilter.preparedStatement_executeQuery(WallFilter.java:609)
	at com.alibaba.druid.filter.FilterChainImpl.preparedStatement_executeQuery(FilterChainImpl.java:2711)
	at com.alibaba.druid.filter.FilterEventAdapter.preparedStatement_executeQuery(FilterEventAdapter.java:465)
	at com.alibaba.druid.filter.FilterChainImpl.preparedStatement_executeQuery(FilterChainImpl.java:2711)
	at com.alibaba.druid.proxy.jdbc.PreparedStatementProxyImpl.executeQuery(PreparedStatementProxyImpl.java:145)
	at com.alibaba.druid.pool.DruidPooledPreparedStatement.executeQuery(DruidPooledPreparedStatement.java:227)
	at com.jfinal.plugin.activerecord.Model.find(Model.java:508)
	at com.jfinal.plugin.activerecord.Model.find(Model.java:525)
	... 25 more

2016-01-14 19:16:01
[WARN]-[Thread: http--8080-1$1701360258]-[com.jfinal.plugin.ehcache.CacheKit.getOrAddCache()]: Could not find cache config [section_show_list], using default.

2016-01-14 19:16:02
[WARN]-[Thread: http--8080-1$1701360258]-[com.jfinal.plugin.ehcache.CacheKit.getOrAddCache()]: Could not find cache config [link_list], using default.

2016-01-14 19:16:23
[WARN]-[Thread: http--8080-3$1249806834]-[com.jfinal.plugin.ehcache.CacheKit.getOrAddCache()]: Could not find cache config [section_list], using default.

2016-01-14 19:23:47
[WARN]-[Thread: http--8080-11$1701360258]-[com.jfinal.plugin.ehcache.CacheKit.getOrAddCache()]: Could not find cache config [default_section], using default.

2016-01-14 19:27:14
[WARN]-[Thread: http--8080-10$1005290605]-[com.jfinal.plugin.ehcache.CacheKit.getOrAddCache()]: Could not find cache config [section_show_list], using default.

2016-01-14 19:27:14
[WARN]-[Thread: http--8080-10$1005290605]-[com.jfinal.plugin.ehcache.CacheKit.getOrAddCache()]: Could not find cache config [link_list], using default.

2016-01-14 19:27:29
[WARN]-[Thread: http--8080-0$220432488]-[com.jfinal.plugin.ehcache.CacheKit.getOrAddCache()]: Could not find cache config [section_show_list], using default.

2016-01-14 19:27:30
[WARN]-[Thread: http--8080-0$220432488]-[com.jfinal.plugin.ehcache.CacheKit.getOrAddCache()]: Could not find cache config [link_list], using default.

2016-01-14 19:29:54
[WARN]-[Thread: http--8080-11$331333924]-[com.jfinal.plugin.ehcache.CacheKit.getOrAddCache()]: Could not find cache config [default_section], using default.

2016-01-14 19:30:49
[WARN]-[Thread: http--8080-12$304163997]-[com.jfinal.plugin.ehcache.CacheKit.getOrAddCache()]: Could not find cache config [section_list], using default.

2016-01-14 19:32:30
[WARN]-[Thread: http--8080-0$767590923]-[com.jfinal.plugin.ehcache.CacheKit.getOrAddCache()]: Could not find cache config [section_show_list], using default.

2016-01-14 19:32:30
[WARN]-[Thread: http--8080-0$767590923]-[com.jfinal.plugin.ehcache.CacheKit.getOrAddCache()]: Could not find cache config [link_list], using default.

2016-01-14 19:32:30
[WARN]-[Thread: http--8080-0$767590923]-[com.jfinal.plugin.ehcache.CacheKit.getOrAddCache()]: Could not find cache config [section_list], using default.

2016-01-14 19:34:16
[WARN]-[Thread: http--8080-5$19294218]-[com.jfinal.plugin.ehcache.CacheKit.getOrAddCache()]: Could not find cache config [default_section], using default.

2016-01-14 19:45:43
[WARN]-[Thread: http--8080-0$548886989]-[com.jfinal.plugin.ehcache.CacheKit.getOrAddCache()]: Could not find cache config [section_show_list], using default.

2016-01-14 19:45:43
[WARN]-[Thread: http--8080-0$548886989]-[com.jfinal.plugin.ehcache.CacheKit.getOrAddCache()]: Could not find cache config [link_list], using default.

2016-01-14 19:45:43
[WARN]-[Thread: http--8080-0$548886989]-[com.jfinal.plugin.ehcache.CacheKit.getOrAddCache()]: Could not find cache config [default_section], using default.

2016-01-14 19:46:23
[WARN]-[Thread: http--8080-5$1781636427]-[com.jfinal.plugin.ehcache.CacheKit.getOrAddCache()]: Could not find cache config [section_list], using default.

2016-01-15 12:09:36
[WARN]-[Thread: http--8080-0$1869438820]-[com.jfinal.plugin.ehcache.CacheKit.getOrAddCache()]: Could not find cache config [section_show_list], using default.

2016-01-15 12:09:37
[WARN]-[Thread: http--8080-0$1869438820]-[com.jfinal.plugin.ehcache.CacheKit.getOrAddCache()]: Could not find cache config [link_list], using default.

2016-01-15 12:09:37
[WARN]-[Thread: http--8080-0$1869438820]-[com.jfinal.plugin.ehcache.CacheKit.getOrAddCache()]: Could not find cache config [default_section], using default.

2016-01-15 12:16:50
[WARN]-[Thread: http--8080-3$298025929]-[com.jfinal.plugin.ehcache.CacheKit.getOrAddCache()]: Could not find cache config [section_show_list], using default.

2016-01-15 12:16:50
[WARN]-[Thread: http--8080-3$298025929]-[com.jfinal.plugin.ehcache.CacheKit.getOrAddCache()]: Could not find cache config [link_list], using default.

2016-01-15 12:27:22
[WARN]-[Thread: http--8080-2$7760328]-[com.jfinal.plugin.ehcache.CacheKit.getOrAddCache()]: Could not find cache config [section_show_list], using default.

2016-01-15 12:27:22
[WARN]-[Thread: http--8080-2$7760328]-[com.jfinal.plugin.ehcache.CacheKit.getOrAddCache()]: Could not find cache config [link_list], using default.

2016-01-15 12:29:14
[ERROR]-[Thread: http--8080-11$7760328]-[com.jmaox.utils.EmailSender.send()]: 111

2016-01-15 12:29:14
[ERROR]-[Thread: http--8080-11$7760328]-[com.jmaox.utils.EmailSender.send()]: 222

2016-01-15 12:29:15
[ERROR]-[Thread: http--8080-11$7760328]-[com.jmaox.utils.EmailSender.send()]: 333

2016-01-15 12:29:15
[ERROR]-[Thread: http--8080-11$7760328]-[com.jmaox.utils.EmailSender.send()]: 444

2016-01-15 12:29:15
[ERROR]-[Thread: http--8080-11$7760328]-[com.jmaox.utils.EmailSender.send()]: 555

2016-01-15 12:29:15
[ERROR]-[Thread: http--8080-11$7760328]-[com.jmaox.utils.EmailSender.send()]: 666

2016-01-15 12:43:29
[WARN]-[Thread: http--8080-0$727952544]-[com.jfinal.plugin.ehcache.CacheKit.getOrAddCache()]: Could not find cache config [section_show_list], using default.

2016-01-15 12:43:29
[WARN]-[Thread: http--8080-0$727952544]-[com.jfinal.plugin.ehcache.CacheKit.getOrAddCache()]: Could not find cache config [link_list], using default.

2016-01-15 12:43:40
[ERROR]-[Thread: http--8080-5$1185099515]-[com.jmaox.utils.EmailSender.send()]: 111

2016-01-15 12:43:40
[ERROR]-[Thread: http--8080-5$1185099515]-[com.jmaox.utils.EmailSender.send()]: 222

2016-01-15 12:43:40
[ERROR]-[Thread: http--8080-5$1185099515]-[com.jmaox.utils.EmailSender.send()]: 333

2016-01-15 12:43:40
[ERROR]-[Thread: http--8080-5$1185099515]-[com.jmaox.utils.EmailSender.send()]: 444

2016-01-15 12:43:40
[ERROR]-[Thread: http--8080-5$1185099515]-[com.jmaox.utils.EmailSender.send()]: 555

2016-01-15 12:43:40
[ERROR]-[Thread: http--8080-5$1185099515]-[com.jmaox.utils.EmailSender.send()]: 666

2016-01-15 12:43:48
[ERROR]-[Thread: http--8080-5$1185099515]-[com.jmaox.utils.EmailSender.send()]: 
javax.mail.MessagingException: Could not connect to SMTP host: smtp.exmail.qq.com, port: 465;
  nested exception is:
	java.net.SocketTimeoutException: connect timed out
	at com.sun.mail.smtp.SMTPTransport.openServer(SMTPTransport.java:1391)
	at com.sun.mail.smtp.SMTPTransport.protocolConnect(SMTPTransport.java:412)
	at javax.mail.Service.connect(Service.java:310)
	at javax.mail.Service.connect(Service.java:169)
	at javax.mail.Service.connect(Service.java:118)
	at javax.mail.Transport.send0(Transport.java:188)
	at javax.mail.Transport.send(Transport.java:118)
	at com.jmaox.utils.EmailSender.send(EmailSender.java:86)
	at com.jmaox.utils.EmailSender.sendMail(EmailSender.java:114)
	at com.jmaox.index.IndexController.sendValiCode(IndexController.java:459)
	at sun.reflect.NativeMethodAccessorImpl.invoke0(Native Method)
	at sun.reflect.NativeMethodAccessorImpl.invoke(NativeMethodAccessorImpl.java:57)
	at sun.reflect.DelegatingMethodAccessorImpl.invoke(DelegatingMethodAccessorImpl.java:43)
	at java.lang.reflect.Method.invoke(Method.java:606)
	at com.jfinal.aop.Invocation.invoke(Invocation.java:71)
	at com.jmaox.interceptor.CommonInterceptor.intercept(CommonInterceptor.java:43)
	at com.jfinal.aop.Invocation.invoke(Invocation.java:65)
	at com.jfinal.ext.interceptor.SessionInViewInterceptor.intercept(SessionInViewInterceptor.java:44)
	at com.jfinal.aop.Invocation.invoke(Invocation.java:65)
	at com.jfinal.core.ActionHandler.handle(ActionHandler.java:74)
	at com.jmaox.handler.HtmlHandler.handle(HtmlHandler.java:17)
	at com.jfinal.plugin.druid.DruidStatViewHandler.handle(DruidStatViewHandler.java:75)
	at com.jfinal.core.JFinalFilter.doFilter(JFinalFilter.java:72)
	at com.caucho.server.dispatch.FilterFilterChain.doFilter(FilterFilterChain.java:87)
	at com.caucho.server.webapp.WebAppFilterChain.doFilter(WebAppFilterChain.java:187)
	at com.caucho.server.dispatch.ServletInvocation.service(ServletInvocation.java:265)
	at com.caucho.server.http.HttpRequest.handleRequest(HttpRequest.java:273)
	at com.caucho.server.port.TcpConnection.run(TcpConnection.java:682)
	at com.caucho.util.ThreadPool$Item.runTasks(ThreadPool.java:730)
	at com.caucho.util.ThreadPool$Item.run(ThreadPool.java:649)
	at java.lang.Thread.run(Thread.java:745)
Caused by: java.net.SocketTimeoutException: connect timed out
	at java.net.PlainSocketImpl.socketConnect(Native Method)
	at java.net.AbstractPlainSocketImpl.doConnect(AbstractPlainSocketImpl.java:339)
	at java.net.AbstractPlainSocketImpl.connectToAddress(AbstractPlainSocketImpl.java:200)
	at java.net.AbstractPlainSocketImpl.connect(AbstractPlainSocketImpl.java:182)
	at java.net.SocksSocketImpl.connect(SocksSocketImpl.java:392)
	at java.net.Socket.connect(Socket.java:579)
	at com.sun.mail.util.SocketFetcher.createSocket(SocketFetcher.java:231)
	at com.sun.mail.util.SocketFetcher.getSocket(SocketFetcher.java:189)
	at com.sun.mail.smtp.SMTPTransport.openServer(SMTPTransport.java:1359)
	... 30 more

2016-01-15 12:48:36
[WARN]-[Thread: http--8080-12$1531090096]-[com.jfinal.plugin.ehcache.CacheKit.getOrAddCache()]: Could not find cache config [section_show_list], using default.

2016-01-15 12:48:36
[WARN]-[Thread: http--8080-12$1531090096]-[com.jfinal.plugin.ehcache.CacheKit.getOrAddCache()]: Could not find cache config [link_list], using default.

2016-01-15 12:48:51
[ERROR]-[Thread: http--8080-0$1645010049]-[com.jmaox.utils.EmailSender.send()]: 111

2016-01-15 12:48:51
[ERROR]-[Thread: http--8080-0$1645010049]-[com.jmaox.utils.EmailSender.send()]: 222

2016-01-15 12:48:51
[ERROR]-[Thread: http--8080-0$1645010049]-[com.jfinal.core.ActionHandler.handle()]: /sendValiCode
java.lang.SecurityException: Access to default session denied
	at javax.mail.Session.getDefaultInstance(Session.java:321)
	at com.jmaox.utils.EmailSender.send(EmailSender.java:68)
	at com.jmaox.utils.EmailSender.sendMail(EmailSender.java:114)
	at com.jmaox.index.IndexController.sendValiCode(IndexController.java:459)
	at sun.reflect.NativeMethodAccessorImpl.invoke0(Native Method)
	at sun.reflect.NativeMethodAccessorImpl.invoke(NativeMethodAccessorImpl.java:57)
	at sun.reflect.DelegatingMethodAccessorImpl.invoke(DelegatingMethodAccessorImpl.java:43)
	at java.lang.reflect.Method.invoke(Method.java:606)
	at com.jfinal.aop.Invocation.invoke(Invocation.java:71)
	at com.jmaox.interceptor.CommonInterceptor.intercept(CommonInterceptor.java:43)
	at com.jfinal.aop.Invocation.invoke(Invocation.java:65)
	at com.jfinal.ext.interceptor.SessionInViewInterceptor.intercept(SessionInViewInterceptor.java:44)
	at com.jfinal.aop.Invocation.invoke(Invocation.java:65)
	at com.jfinal.core.ActionHandler.handle(ActionHandler.java:74)
	at com.jmaox.handler.HtmlHandler.handle(HtmlHandler.java:17)
	at com.jfinal.plugin.druid.DruidStatViewHandler.handle(DruidStatViewHandler.java:75)
	at com.jfinal.core.JFinalFilter.doFilter(JFinalFilter.java:72)
	at com.caucho.server.dispatch.FilterFilterChain.doFilter(FilterFilterChain.java:87)
	at com.caucho.server.webapp.WebAppFilterChain.doFilter(WebAppFilterChain.java:187)
	at com.caucho.server.dispatch.ServletInvocation.service(ServletInvocation.java:265)
	at com.caucho.server.http.HttpRequest.handleRequest(HttpRequest.java:273)
	at com.caucho.server.port.TcpConnection.run(TcpConnection.java:682)
	at com.caucho.util.ThreadPool$Item.runTasks(ThreadPool.java:730)
	at com.caucho.util.ThreadPool$Item.run(ThreadPool.java:649)
	at java.lang.Thread.run(Thread.java:745)

2016-01-15 13:03:38
[WARN]-[Thread: http--8080-2$882729356]-[com.jfinal.plugin.ehcache.CacheKit.getOrAddCache()]: Could not find cache config [section_show_list], using default.

2016-01-15 13:03:38
[WARN]-[Thread: http--8080-2$882729356]-[com.jfinal.plugin.ehcache.CacheKit.getOrAddCache()]: Could not find cache config [link_list], using default.

2016-01-15 13:04:23
[ERROR]-[Thread: http--8080-4$949844637]-[com.jmaox.utils.EmailSender.send()]: 111

2016-01-15 13:04:23
[ERROR]-[Thread: http--8080-4$949844637]-[com.jmaox.utils.EmailSender.send()]: 222

2016-01-15 13:04:23
[ERROR]-[Thread: http--8080-4$949844637]-[com.jmaox.utils.EmailSender.send()]: 333

2016-01-15 13:04:23
[ERROR]-[Thread: http--8080-4$949844637]-[com.jmaox.utils.EmailSender.send()]: 444

2016-01-15 13:04:23
[ERROR]-[Thread: http--8080-4$949844637]-[com.jmaox.utils.EmailSender.send()]: 555

2016-01-15 13:04:23
[ERROR]-[Thread: http--8080-4$949844637]-[com.jmaox.utils.EmailSender.send()]: 666

2016-01-15 13:04:32
[ERROR]-[Thread: http--8080-4$949844637]-[com.jmaox.utils.EmailSender.send()]: 
javax.mail.MessagingException: Could not connect to SMTP host: smtp.exmail.qq.com, port: 465;
  nested exception is:
	java.net.SocketTimeoutException: connect timed out
	at com.sun.mail.smtp.SMTPTransport.openServer(SMTPTransport.java:1391)
	at com.sun.mail.smtp.SMTPTransport.protocolConnect(SMTPTransport.java:412)
	at javax.mail.Service.connect(Service.java:310)
	at javax.mail.Service.connect(Service.java:169)
	at javax.mail.Service.connect(Service.java:118)
	at javax.mail.Transport.send0(Transport.java:188)
	at javax.mail.Transport.send(Transport.java:118)
	at com.jmaox.utils.EmailSender.send(EmailSender.java:90)
	at com.jmaox.utils.EmailSender.sendMail(EmailSender.java:118)
	at com.jmaox.index.IndexController.sendValiCode(IndexController.java:459)
	at sun.reflect.NativeMethodAccessorImpl.invoke0(Native Method)
	at sun.reflect.NativeMethodAccessorImpl.invoke(NativeMethodAccessorImpl.java:57)
	at sun.reflect.DelegatingMethodAccessorImpl.invoke(DelegatingMethodAccessorImpl.java:43)
	at java.lang.reflect.Method.invoke(Method.java:606)
	at com.jfinal.aop.Invocation.invoke(Invocation.java:71)
	at com.jmaox.interceptor.CommonInterceptor.intercept(CommonInterceptor.java:43)
	at com.jfinal.aop.Invocation.invoke(Invocation.java:65)
	at com.jfinal.ext.interceptor.SessionInViewInterceptor.intercept(SessionInViewInterceptor.java:44)
	at com.jfinal.aop.Invocation.invoke(Invocation.java:65)
	at com.jfinal.core.ActionHandler.handle(ActionHandler.java:74)
	at com.jmaox.handler.HtmlHandler.handle(HtmlHandler.java:17)
	at com.jfinal.plugin.druid.DruidStatViewHandler.handle(DruidStatViewHandler.java:75)
	at com.jfinal.core.JFinalFilter.doFilter(JFinalFilter.java:72)
	at com.caucho.server.dispatch.FilterFilterChain.doFilter(FilterFilterChain.java:87)
	at com.caucho.server.webapp.WebAppFilterChain.doFilter(WebAppFilterChain.java:187)
	at com.caucho.server.dispatch.ServletInvocation.service(ServletInvocation.java:265)
	at com.caucho.server.http.HttpRequest.handleRequest(HttpRequest.java:273)
	at com.caucho.server.port.TcpConnection.run(TcpConnection.java:682)
	at com.caucho.util.ThreadPool$Item.runTasks(ThreadPool.java:730)
	at com.caucho.util.ThreadPool$Item.run(ThreadPool.java:649)
	at java.lang.Thread.run(Thread.java:745)
Caused by: java.net.SocketTimeoutException: connect timed out
	at java.net.PlainSocketImpl.socketConnect(Native Method)
	at java.net.AbstractPlainSocketImpl.doConnect(AbstractPlainSocketImpl.java:339)
	at java.net.AbstractPlainSocketImpl.connectToAddress(AbstractPlainSocketImpl.java:200)
	at java.net.AbstractPlainSocketImpl.connect(AbstractPlainSocketImpl.java:182)
	at java.net.SocksSocketImpl.connect(SocksSocketImpl.java:392)
	at java.net.Socket.connect(Socket.java:579)
	at sun.security.ssl.SSLSocketImpl.connect(SSLSocketImpl.java:618)
	at com.sun.mail.util.SocketFetcher.createSocket(SocketFetcher.java:231)
	at com.sun.mail.util.SocketFetcher.getSocket(SocketFetcher.java:163)
	at com.sun.mail.smtp.SMTPTransport.openServer(SMTPTransport.java:1359)
	... 30 more

2016-01-15 13:08:32
[WARN]-[Thread: http--8080-12$1626526631]-[com.jfinal.plugin.ehcache.CacheKit.getOrAddCache()]: Could not find cache config [section_show_list], using default.

2016-01-15 13:08:32
[WARN]-[Thread: http--8080-12$1626526631]-[com.jfinal.plugin.ehcache.CacheKit.getOrAddCache()]: Could not find cache config [link_list], using default.

2016-01-15 13:08:44
[ERROR]-[Thread: http--8080-0$81503998]-[com.jmaox.utils.EmailSender.send()]: 111

2016-01-15 13:08:44
[ERROR]-[Thread: http--8080-0$81503998]-[com.jmaox.utils.EmailSender.send()]: 222

2016-01-15 13:08:44
[ERROR]-[Thread: http--8080-0$81503998]-[com.jfinal.core.ActionHandler.handle()]: /sendValiCode
java.lang.SecurityException: Access to default session denied
	at javax.mail.Session.getDefaultInstance(Session.java:321)
	at com.jmaox.utils.EmailSender.send(EmailSender.java:73)
	at com.jmaox.utils.EmailSender.sendMail(EmailSender.java:120)
	at com.jmaox.index.IndexController.sendValiCode(IndexController.java:459)
	at sun.reflect.NativeMethodAccessorImpl.invoke0(Native Method)
	at sun.reflect.NativeMethodAccessorImpl.invoke(NativeMethodAccessorImpl.java:57)
	at sun.reflect.DelegatingMethodAccessorImpl.invoke(DelegatingMethodAccessorImpl.java:43)
	at java.lang.reflect.Method.invoke(Method.java:606)
	at com.jfinal.aop.Invocation.invoke(Invocation.java:71)
	at com.jmaox.interceptor.CommonInterceptor.intercept(CommonInterceptor.java:43)
	at com.jfinal.aop.Invocation.invoke(Invocation.java:65)
	at com.jfinal.ext.interceptor.SessionInViewInterceptor.intercept(SessionInViewInterceptor.java:44)
	at com.jfinal.aop.Invocation.invoke(Invocation.java:65)
	at com.jfinal.core.ActionHandler.handle(ActionHandler.java:74)
	at com.jmaox.handler.HtmlHandler.handle(HtmlHandler.java:17)
	at com.jfinal.plugin.druid.DruidStatViewHandler.handle(DruidStatViewHandler.java:75)
	at com.jfinal.core.JFinalFilter.doFilter(JFinalFilter.java:72)
	at com.caucho.server.dispatch.FilterFilterChain.doFilter(FilterFilterChain.java:87)
	at com.caucho.server.webapp.WebAppFilterChain.doFilter(WebAppFilterChain.java:187)
	at com.caucho.server.dispatch.ServletInvocation.service(ServletInvocation.java:265)
	at com.caucho.server.http.HttpRequest.handleRequest(HttpRequest.java:273)
	at com.caucho.server.port.TcpConnection.run(TcpConnection.java:682)
	at com.caucho.util.ThreadPool$Item.runTasks(ThreadPool.java:730)
	at com.caucho.util.ThreadPool$Item.run(ThreadPool.java:649)
	at java.lang.Thread.run(Thread.java:745)

2016-01-15 13:11:29
[WARN]-[Thread: http--8080-13$555041133]-[com.jfinal.plugin.ehcache.CacheKit.getOrAddCache()]: Could not find cache config [section_show_list], using default.

2016-01-15 13:11:29
[WARN]-[Thread: http--8080-12$1989748914]-[com.jfinal.plugin.ehcache.CacheKit.getOrAddCache()]: Could not find cache config [link_list], using default.

2016-01-15 13:11:39
[ERROR]-[Thread: http--8080-2$993837176]-[com.jmaox.utils.EmailSender.send()]: 111

2016-01-15 13:11:40
[ERROR]-[Thread: http--8080-2$993837176]-[com.jmaox.utils.EmailSender.send()]: 222

2016-01-15 13:11:40
[ERROR]-[Thread: http--8080-2$993837176]-[com.jfinal.core.ActionHandler.handle()]: /sendValiCode
java.lang.SecurityException: Access to default session denied
	at javax.mail.Session.getDefaultInstance(Session.java:321)
	at com.jmaox.utils.EmailSender.send(EmailSender.java:77)
	at com.jmaox.utils.EmailSender.sendMail(EmailSender.java:126)
	at com.jmaox.index.IndexController.sendValiCode(IndexController.java:459)
	at sun.reflect.NativeMethodAccessorImpl.invoke0(Native Method)
	at sun.reflect.NativeMethodAccessorImpl.invoke(NativeMethodAccessorImpl.java:57)
	at sun.reflect.DelegatingMethodAccessorImpl.invoke(DelegatingMethodAccessorImpl.java:43)
	at java.lang.reflect.Method.invoke(Method.java:606)
	at com.jfinal.aop.Invocation.invoke(Invocation.java:71)
	at com.jmaox.interceptor.CommonInterceptor.intercept(CommonInterceptor.java:43)
	at com.jfinal.aop.Invocation.invoke(Invocation.java:65)
	at com.jfinal.ext.interceptor.SessionInViewInterceptor.intercept(SessionInViewInterceptor.java:44)
	at com.jfinal.aop.Invocation.invoke(Invocation.java:65)
	at com.jfinal.core.ActionHandler.handle(ActionHandler.java:74)
	at com.jmaox.handler.HtmlHandler.handle(HtmlHandler.java:17)
	at com.jfinal.plugin.druid.DruidStatViewHandler.handle(DruidStatViewHandler.java:75)
	at com.jfinal.core.JFinalFilter.doFilter(JFinalFilter.java:72)
	at com.caucho.server.dispatch.FilterFilterChain.doFilter(FilterFilterChain.java:87)
	at com.caucho.server.webapp.WebAppFilterChain.doFilter(WebAppFilterChain.java:187)
	at com.caucho.server.dispatch.ServletInvocation.service(ServletInvocation.java:265)
	at com.caucho.server.http.HttpRequest.handleRequest(HttpRequest.java:273)
	at com.caucho.server.port.TcpConnection.run(TcpConnection.java:682)
	at com.caucho.util.ThreadPool$Item.runTasks(ThreadPool.java:730)
	at com.caucho.util.ThreadPool$Item.run(ThreadPool.java:649)
	at java.lang.Thread.run(Thread.java:745)

2016-01-15 13:12:31
[WARN]-[Thread: http--8080-2$1150672298]-[com.jfinal.plugin.ehcache.CacheKit.getOrAddCache()]: Could not find cache config [section_show_list], using default.

2016-01-15 13:12:31
[WARN]-[Thread: http--8080-2$1150672298]-[com.jfinal.plugin.ehcache.CacheKit.getOrAddCache()]: Could not find cache config [link_list], using default.

2016-01-15 13:12:41
[ERROR]-[Thread: http--8080-12$1150672298]-[com.jmaox.utils.EmailSender.send()]: 111

2016-01-15 13:12:41
[ERROR]-[Thread: http--8080-12$1150672298]-[com.jmaox.utils.EmailSender.send()]: 222

2016-01-15 13:12:41
[ERROR]-[Thread: http--8080-12$1150672298]-[com.jfinal.core.ActionHandler.handle()]: /sendValiCode
java.lang.SecurityException: Access to default session denied
	at javax.mail.Session.getDefaultInstance(Session.java:321)
	at com.jmaox.utils.EmailSender.send(EmailSender.java:76)
	at com.jmaox.utils.EmailSender.sendMail(EmailSender.java:125)
	at com.jmaox.index.IndexController.sendValiCode(IndexController.java:459)
	at sun.reflect.NativeMethodAccessorImpl.invoke0(Native Method)
	at sun.reflect.NativeMethodAccessorImpl.invoke(NativeMethodAccessorImpl.java:57)
	at sun.reflect.DelegatingMethodAccessorImpl.invoke(DelegatingMethodAccessorImpl.java:43)
	at java.lang.reflect.Method.invoke(Method.java:606)
	at com.jfinal.aop.Invocation.invoke(Invocation.java:71)
	at com.jmaox.interceptor.CommonInterceptor.intercept(CommonInterceptor.java:43)
	at com.jfinal.aop.Invocation.invoke(Invocation.java:65)
	at com.jfinal.ext.interceptor.SessionInViewInterceptor.intercept(SessionInViewInterceptor.java:44)
	at com.jfinal.aop.Invocation.invoke(Invocation.java:65)
	at com.jfinal.core.ActionHandler.handle(ActionHandler.java:74)
	at com.jmaox.handler.HtmlHandler.handle(HtmlHandler.java:17)
	at com.jfinal.plugin.druid.DruidStatViewHandler.handle(DruidStatViewHandler.java:75)
	at com.jfinal.core.JFinalFilter.doFilter(JFinalFilter.java:72)
	at com.caucho.server.dispatch.FilterFilterChain.doFilter(FilterFilterChain.java:87)
	at com.caucho.server.webapp.WebAppFilterChain.doFilter(WebAppFilterChain.java:187)
	at com.caucho.server.dispatch.ServletInvocation.service(ServletInvocation.java:265)
	at com.caucho.server.http.HttpRequest.handleRequest(HttpRequest.java:273)
	at com.caucho.server.port.TcpConnection.run(TcpConnection.java:682)
	at com.caucho.util.ThreadPool$Item.runTasks(ThreadPool.java:730)
	at com.caucho.util.ThreadPool$Item.run(ThreadPool.java:649)
	at java.lang.Thread.run(Thread.java:745)

2016-01-15 13:15:36
[WARN]-[Thread: http--8080-5$1408119860]-[com.jfinal.plugin.ehcache.CacheKit.getOrAddCache()]: Could not find cache config [section_show_list], using default.

2016-01-15 13:15:36
[WARN]-[Thread: http--8080-5$1408119860]-[com.jfinal.plugin.ehcache.CacheKit.getOrAddCache()]: Could not find cache config [link_list], using default.

2016-01-15 13:15:49
[ERROR]-[Thread: http--8080-11$882729356]-[com.jmaox.utils.EmailSender.send()]: 111

2016-01-15 13:15:49
[ERROR]-[Thread: http--8080-11$882729356]-[com.jmaox.utils.EmailSender.send()]: 222

2016-01-15 13:15:49
[ERROR]-[Thread: http--8080-11$882729356]-[com.jfinal.core.ActionHandler.handle()]: /sendValiCode
java.lang.SecurityException: Access to default session denied
	at javax.mail.Session.getDefaultInstance(Session.java:321)
	at com.jmaox.utils.EmailSender.send(EmailSender.java:78)
	at com.jmaox.utils.EmailSender.sendMail(EmailSender.java:128)
	at com.jmaox.index.IndexController.sendValiCode(IndexController.java:459)
	at sun.reflect.NativeMethodAccessorImpl.invoke0(Native Method)
	at sun.reflect.NativeMethodAccessorImpl.invoke(NativeMethodAccessorImpl.java:57)
	at sun.reflect.DelegatingMethodAccessorImpl.invoke(DelegatingMethodAccessorImpl.java:43)
	at java.lang.reflect.Method.invoke(Method.java:606)
	at com.jfinal.aop.Invocation.invoke(Invocation.java:71)
	at com.jmaox.interceptor.CommonInterceptor.intercept(CommonInterceptor.java:43)
	at com.jfinal.aop.Invocation.invoke(Invocation.java:65)
	at com.jfinal.ext.interceptor.SessionInViewInterceptor.intercept(SessionInViewInterceptor.java:44)
	at com.jfinal.aop.Invocation.invoke(Invocation.java:65)
	at com.jfinal.core.ActionHandler.handle(ActionHandler.java:74)
	at com.jmaox.handler.HtmlHandler.handle(HtmlHandler.java:17)
	at com.jfinal.plugin.druid.DruidStatViewHandler.handle(DruidStatViewHandler.java:75)
	at com.jfinal.core.JFinalFilter.doFilter(JFinalFilter.java:72)
	at com.caucho.server.dispatch.FilterFilterChain.doFilter(FilterFilterChain.java:87)
	at com.caucho.server.webapp.WebAppFilterChain.doFilter(WebAppFilterChain.java:187)
	at com.caucho.server.dispatch.ServletInvocation.service(ServletInvocation.java:265)
	at com.caucho.server.http.HttpRequest.handleRequest(HttpRequest.java:273)
	at com.caucho.server.port.TcpConnection.run(TcpConnection.java:682)
	at com.caucho.util.ThreadPool$Item.runTasks(ThreadPool.java:730)
	at com.caucho.util.ThreadPool$Item.run(ThreadPool.java:649)
	at java.lang.Thread.run(Thread.java:745)

2016-01-15 13:37:34
[ERROR]-[Thread: Druid-ConnectionPool-Create-1954607518]-[com.alibaba.druid.pool.DruidDataSource$CreateConnectionThread.run()]: create connection error, url: jdbc:mysql://182.254.170.210/jmaox?characterEncoding=utf8&zeroDateTimeBehavior=convertToNull
com.mysql.jdbc.exceptions.jdbc4.CommunicationsException: Communications link failure

The last packet successfully received from the server was 20,667 milliseconds ago.  The last packet sent successfully to the server was 20,667 milliseconds ago.
	at sun.reflect.NativeConstructorAccessorImpl.newInstance0(Native Method)
	at sun.reflect.NativeConstructorAccessorImpl.newInstance(NativeConstructorAccessorImpl.java:57)
	at sun.reflect.DelegatingConstructorAccessorImpl.newInstance(DelegatingConstructorAccessorImpl.java:45)
	at java.lang.reflect.Constructor.newInstance(Constructor.java:526)
	at com.mysql.jdbc.Util.handleNewInstance(Util.java:389)
	at com.mysql.jdbc.SQLError.createCommunicationsException(SQLError.java:1038)
	at com.mysql.jdbc.MysqlIO.reuseAndReadPacket(MysqlIO.java:3422)
	at com.mysql.jdbc.MysqlIO.reuseAndReadPacket(MysqlIO.java:3322)
	at com.mysql.jdbc.MysqlIO.checkErrorPacket(MysqlIO.java:3762)
	at com.mysql.jdbc.MysqlIO.checkErrorPacket(MysqlIO.java:870)
	at com.mysql.jdbc.MysqlIO.proceedHandshakeWithPluggableAuthentication(MysqlIO.java:1659)
	at com.mysql.jdbc.MysqlIO.doHandshake(MysqlIO.java:1206)
	at com.mysql.jdbc.ConnectionImpl.coreConnect(ConnectionImpl.java:2239)
	at com.mysql.jdbc.ConnectionImpl.connectOneTryOnly(ConnectionImpl.java:2270)
	at com.mysql.jdbc.ConnectionImpl.createNewIO(ConnectionImpl.java:2069)
	at com.mysql.jdbc.ConnectionImpl.<init>(ConnectionImpl.java:794)
	at com.mysql.jdbc.JDBC4Connection.<init>(JDBC4Connection.java:44)
	at sun.reflect.GeneratedConstructorAccessor28.newInstance(Unknown Source)
	at sun.reflect.DelegatingConstructorAccessorImpl.newInstance(DelegatingConstructorAccessorImpl.java:45)
	at java.lang.reflect.Constructor.newInstance(Constructor.java:526)
	at com.mysql.jdbc.Util.handleNewInstance(Util.java:389)
	at com.mysql.jdbc.ConnectionImpl.getInstance(ConnectionImpl.java:399)
	at com.mysql.jdbc.NonRegisteringDriver.connect(NonRegisteringDriver.java:325)
	at com.alibaba.druid.filter.FilterChainImpl.connection_connect(FilterChainImpl.java:148)
	at com.alibaba.druid.filter.FilterAdapter.connection_connect(FilterAdapter.java:785)
	at com.alibaba.druid.filter.FilterChainImpl.connection_connect(FilterChainImpl.java:142)
	at com.alibaba.druid.filter.stat.StatFilter.connection_connect(StatFilter.java:211)
	at com.alibaba.druid.filter.FilterChainImpl.connection_connect(FilterChainImpl.java:142)
	at com.alibaba.druid.pool.DruidAbstractDataSource.createPhysicalConnection(DruidAbstractDataSource.java:1377)
	at com.alibaba.druid.pool.DruidAbstractDataSource.createPhysicalConnection(DruidAbstractDataSource.java:1431)
	at com.alibaba.druid.pool.DruidDataSource$CreateConnectionThread.run(DruidDataSource.java:1888)
Caused by: java.net.SocketException: Operation timed out
	at java.net.SocketInputStream.socketRead0(Native Method)
	at java.net.SocketInputStream.read(SocketInputStream.java:152)
	at java.net.SocketInputStream.read(SocketInputStream.java:122)
	at com.mysql.jdbc.util.ReadAheadInputStream.fill(ReadAheadInputStream.java:100)
	at com.mysql.jdbc.util.ReadAheadInputStream.readFromUnderlyingStreamIfNecessary(ReadAheadInputStream.java:143)
	at com.mysql.jdbc.util.ReadAheadInputStream.read(ReadAheadInputStream.java:173)
	at com.mysql.jdbc.MysqlIO.readFully(MysqlIO.java:2911)
	at com.mysql.jdbc.MysqlIO.reuseAndReadPacket(MysqlIO.java:3332)
	... 24 more

2016-01-15 13:59:05
[WARN]-[Thread: http--8080-12$1408119860]-[com.jfinal.plugin.ehcache.CacheKit.getOrAddCache()]: Could not find cache config [section_show_list], using default.

2016-01-15 13:59:06
[WARN]-[Thread: http--8080-12$1408119860]-[com.jfinal.plugin.ehcache.CacheKit.getOrAddCache()]: Could not find cache config [link_list], using default.

2016-01-15 13:59:13
[ERROR]-[Thread: http--8080-5$993837176]-[com.jmaox.utils.EmailSender.send()]: 111

2016-01-15 13:59:13
[ERROR]-[Thread: http--8080-5$993837176]-[com.jmaox.utils.EmailSender.send()]: 222

2016-01-15 13:59:13
[ERROR]-[Thread: http--8080-5$993837176]-[com.jfinal.core.ActionHandler.handle()]: /sendValiCode
java.lang.SecurityException: Access to default session denied
	at javax.mail.Session.getDefaultInstance(Session.java:321)
	at com.jmaox.utils.EmailSender.send(EmailSender.java:87)
	at com.jmaox.utils.EmailSender.sendMail(EmailSender.java:137)
	at com.jmaox.index.IndexController.sendValiCode(IndexController.java:459)
	at sun.reflect.NativeMethodAccessorImpl.invoke0(Native Method)
	at sun.reflect.NativeMethodAccessorImpl.invoke(NativeMethodAccessorImpl.java:57)
	at sun.reflect.DelegatingMethodAccessorImpl.invoke(DelegatingMethodAccessorImpl.java:43)
	at java.lang.reflect.Method.invoke(Method.java:606)
	at com.jfinal.aop.Invocation.invoke(Invocation.java:71)
	at com.jmaox.interceptor.CommonInterceptor.intercept(CommonInterceptor.java:43)
	at com.jfinal.aop.Invocation.invoke(Invocation.java:65)
	at com.jfinal.ext.interceptor.SessionInViewInterceptor.intercept(SessionInViewInterceptor.java:44)
	at com.jfinal.aop.Invocation.invoke(Invocation.java:65)
	at com.jfinal.core.ActionHandler.handle(ActionHandler.java:74)
	at com.jmaox.handler.HtmlHandler.handle(HtmlHandler.java:17)
	at com.jfinal.plugin.druid.DruidStatViewHandler.handle(DruidStatViewHandler.java:75)
	at com.jfinal.core.JFinalFilter.doFilter(JFinalFilter.java:72)
	at com.caucho.server.dispatch.FilterFilterChain.doFilter(FilterFilterChain.java:87)
	at com.caucho.server.webapp.WebAppFilterChain.doFilter(WebAppFilterChain.java:187)
	at com.caucho.server.dispatch.ServletInvocation.service(ServletInvocation.java:265)
	at com.caucho.server.http.HttpRequest.handleRequest(HttpRequest.java:273)
	at com.caucho.server.port.TcpConnection.run(TcpConnection.java:682)
	at com.caucho.util.ThreadPool$Item.runTasks(ThreadPool.java:730)
	at com.caucho.util.ThreadPool$Item.run(ThreadPool.java:649)
	at java.lang.Thread.run(Thread.java:745)

2016-01-15 14:17:08
[WARN]-[Thread: http--8080-12$1476801356]-[com.jfinal.plugin.ehcache.CacheKit.getOrAddCache()]: Could not find cache config [section_show_list], using default.

2016-01-15 14:17:08
[WARN]-[Thread: http--8080-12$1476801356]-[com.jfinal.plugin.ehcache.CacheKit.getOrAddCache()]: Could not find cache config [link_list], using default.

2016-01-15 14:17:28
[ERROR]-[Thread: http--8080-3$1449015450]-[com.jmaox.utils.EmailSender.send()]: 111

2016-01-15 14:17:28
[ERROR]-[Thread: http--8080-3$1449015450]-[com.jfinal.core.ActionHandler.handle()]: /sendValiCode
java.lang.SecurityException: Access to default session denied
	at javax.mail.Session.getDefaultInstance(Session.java:321)
	at com.jmaox.utils.EmailSender.send(EmailSender.java:83)
	at com.jmaox.utils.EmailSender.sendMail(EmailSender.java:135)
	at com.jmaox.index.IndexController.sendValiCode(IndexController.java:459)
	at sun.reflect.NativeMethodAccessorImpl.invoke0(Native Method)
	at sun.reflect.NativeMethodAccessorImpl.invoke(NativeMethodAccessorImpl.java:57)
	at sun.reflect.DelegatingMethodAccessorImpl.invoke(DelegatingMethodAccessorImpl.java:43)
	at java.lang.reflect.Method.invoke(Method.java:606)
	at com.jfinal.aop.Invocation.invoke(Invocation.java:71)
	at com.jmaox.interceptor.CommonInterceptor.intercept(CommonInterceptor.java:43)
	at com.jfinal.aop.Invocation.invoke(Invocation.java:65)
	at com.jfinal.ext.interceptor.SessionInViewInterceptor.intercept(SessionInViewInterceptor.java:44)
	at com.jfinal.aop.Invocation.invoke(Invocation.java:65)
	at com.jfinal.core.ActionHandler.handle(ActionHandler.java:74)
	at com.jmaox.handler.HtmlHandler.handle(HtmlHandler.java:17)
	at com.jfinal.plugin.druid.DruidStatViewHandler.handle(DruidStatViewHandler.java:75)
	at com.jfinal.core.JFinalFilter.doFilter(JFinalFilter.java:72)
	at com.caucho.server.dispatch.FilterFilterChain.doFilter(FilterFilterChain.java:87)
	at com.caucho.server.webapp.WebAppFilterChain.doFilter(WebAppFilterChain.java:187)
	at com.caucho.server.dispatch.ServletInvocation.service(ServletInvocation.java:265)
	at com.caucho.server.http.HttpRequest.handleRequest(HttpRequest.java:273)
	at com.caucho.server.port.TcpConnection.run(TcpConnection.java:682)
	at com.caucho.util.ThreadPool$Item.runTasks(ThreadPool.java:730)
	at com.caucho.util.ThreadPool$Item.run(ThreadPool.java:649)
	at java.lang.Thread.run(Thread.java:745)

2016-01-15 14:19:44
[WARN]-[Thread: http--8080-1$461528059]-[com.jfinal.plugin.ehcache.CacheKit.getOrAddCache()]: Could not find cache config [section_show_list], using default.

2016-01-15 14:19:44
[WARN]-[Thread: http--8080-1$461528059]-[com.jfinal.plugin.ehcache.CacheKit.getOrAddCache()]: Could not find cache config [link_list], using default.

2016-01-15 14:19:50
[ERROR]-[Thread: http--8080-4$1250053303]-[com.jmaox.utils.EmailSender.send()]: 111

2016-01-15 14:19:55
[ERROR]-[Thread: http--8080-4$1250053303]-[com.jfinal.core.ActionHandler.handle()]: /sendValiCode
java.lang.RuntimeException: javax.mail.MessagingException: Could not connect to SMTP host: smtp.jmaox.com, port: 465;
  nested exception is:
	java.net.SocketTimeoutException: connect timed out
	at com.jmaox.utils.EmailSender.send(EmailSender.java:104)
	at com.jmaox.utils.EmailSender.sendMail(EmailSender.java:135)
	at com.jmaox.index.IndexController.sendValiCode(IndexController.java:459)
	at sun.reflect.NativeMethodAccessorImpl.invoke0(Native Method)
	at sun.reflect.NativeMethodAccessorImpl.invoke(NativeMethodAccessorImpl.java:57)
	at sun.reflect.DelegatingMethodAccessorImpl.invoke(DelegatingMethodAccessorImpl.java:43)
	at java.lang.reflect.Method.invoke(Method.java:606)
	at com.jfinal.aop.Invocation.invoke(Invocation.java:71)
	at com.jmaox.interceptor.CommonInterceptor.intercept(CommonInterceptor.java:43)
	at com.jfinal.aop.Invocation.invoke(Invocation.java:65)
	at com.jfinal.ext.interceptor.SessionInViewInterceptor.intercept(SessionInViewInterceptor.java:44)
	at com.jfinal.aop.Invocation.invoke(Invocation.java:65)
	at com.jfinal.core.ActionHandler.handle(ActionHandler.java:74)
	at com.jmaox.handler.HtmlHandler.handle(HtmlHandler.java:17)
	at com.jfinal.plugin.druid.DruidStatViewHandler.handle(DruidStatViewHandler.java:75)
	at com.jfinal.core.JFinalFilter.doFilter(JFinalFilter.java:72)
	at com.caucho.server.dispatch.FilterFilterChain.doFilter(FilterFilterChain.java:87)
	at com.caucho.server.webapp.WebAppFilterChain.doFilter(WebAppFilterChain.java:187)
	at com.caucho.server.dispatch.ServletInvocation.service(ServletInvocation.java:265)
	at com.caucho.server.http.HttpRequest.handleRequest(HttpRequest.java:273)
	at com.caucho.server.port.TcpConnection.run(TcpConnection.java:682)
	at com.caucho.util.ThreadPool$Item.runTasks(ThreadPool.java:730)
	at com.caucho.util.ThreadPool$Item.run(ThreadPool.java:649)
	at java.lang.Thread.run(Thread.java:745)
Caused by: javax.mail.MessagingException: Could not connect to SMTP host: smtp.jmaox.com, port: 465;
  nested exception is:
	java.net.SocketTimeoutException: connect timed out
	at com.sun.mail.smtp.SMTPTransport.openServer(SMTPTransport.java:1391)
	at com.sun.mail.smtp.SMTPTransport.protocolConnect(SMTPTransport.java:412)
	at javax.mail.Service.connect(Service.java:310)
	at javax.mail.Service.connect(Service.java:169)
	at javax.mail.Service.connect(Service.java:118)
	at javax.mail.Transport.send0(Transport.java:188)
	at javax.mail.Transport.send(Transport.java:118)
	at com.jmaox.utils.EmailSender.send(EmailSender.java:101)
	... 23 more
Caused by: java.net.SocketTimeoutException: connect timed out
	at java.net.PlainSocketImpl.socketConnect(Native Method)
	at java.net.AbstractPlainSocketImpl.doConnect(AbstractPlainSocketImpl.java:339)
	at java.net.AbstractPlainSocketImpl.connectToAddress(AbstractPlainSocketImpl.java:200)
	at java.net.AbstractPlainSocketImpl.connect(AbstractPlainSocketImpl.java:182)
	at java.net.SocksSocketImpl.connect(SocksSocketImpl.java:392)
	at java.net.Socket.connect(Socket.java:579)
	at sun.security.ssl.SSLSocketImpl.connect(SSLSocketImpl.java:618)
	at com.sun.mail.util.SocketFetcher.createSocket(SocketFetcher.java:231)
	at com.sun.mail.util.SocketFetcher.getSocket(SocketFetcher.java:163)
	at com.sun.mail.smtp.SMTPTransport.openServer(SMTPTransport.java:1359)
	... 30 more

2016-01-15 14:25:33
[WARN]-[Thread: http--8080-2$1312975627]-[com.jfinal.plugin.ehcache.CacheKit.getOrAddCache()]: Could not find cache config [section_show_list], using default.

2016-01-15 14:25:34
[WARN]-[Thread: http--8080-2$1312975627]-[com.jfinal.plugin.ehcache.CacheKit.getOrAddCache()]: Could not find cache config [link_list], using default.

2016-01-15 14:25:44
[ERROR]-[Thread: http--8080-11$882729356]-[com.jmaox.utils.EmailSender.send()]: 
java.lang.SecurityException: Access to default session denied
	at javax.mail.Session.getDefaultInstance(Session.java:321)
	at com.jmaox.utils.EmailSender.send(EmailSender.java:72)
	at com.jmaox.utils.EmailSender.sendMail(EmailSender.java:130)
	at com.jmaox.index.IndexController.sendValiCode(IndexController.java:459)
	at sun.reflect.NativeMethodAccessorImpl.invoke0(Native Method)
	at sun.reflect.NativeMethodAccessorImpl.invoke(NativeMethodAccessorImpl.java:57)
	at sun.reflect.DelegatingMethodAccessorImpl.invoke(DelegatingMethodAccessorImpl.java:43)
	at java.lang.reflect.Method.invoke(Method.java:606)
	at com.jfinal.aop.Invocation.invoke(Invocation.java:71)
	at com.jmaox.interceptor.CommonInterceptor.intercept(CommonInterceptor.java:43)
	at com.jfinal.aop.Invocation.invoke(Invocation.java:65)
	at com.jfinal.ext.interceptor.SessionInViewInterceptor.intercept(SessionInViewInterceptor.java:44)
	at com.jfinal.aop.Invocation.invoke(Invocation.java:65)
	at com.jfinal.core.ActionHandler.handle(ActionHandler.java:74)
	at com.jmaox.handler.HtmlHandler.handle(HtmlHandler.java:17)
	at com.jfinal.plugin.druid.DruidStatViewHandler.handle(DruidStatViewHandler.java:75)
	at com.jfinal.core.JFinalFilter.doFilter(JFinalFilter.java:72)
	at com.caucho.server.dispatch.FilterFilterChain.doFilter(FilterFilterChain.java:87)
	at com.caucho.server.webapp.WebAppFilterChain.doFilter(WebAppFilterChain.java:187)
	at com.caucho.server.dispatch.ServletInvocation.service(ServletInvocation.java:265)
	at com.caucho.server.http.HttpRequest.handleRequest(HttpRequest.java:273)
	at com.caucho.server.port.TcpConnection.run(TcpConnection.java:682)
	at com.caucho.util.ThreadPool$Item.runTasks(ThreadPool.java:730)
	at com.caucho.util.ThreadPool$Item.run(ThreadPool.java:649)
	at java.lang.Thread.run(Thread.java:745)

2016-01-15 14:26:32
[WARN]-[Thread: http--8080-0$44774050]-[com.jfinal.plugin.ehcache.CacheKit.getOrAddCache()]: Could not find cache config [section_show_list], using default.

2016-01-15 14:26:32
[WARN]-[Thread: http--8080-0$44774050]-[com.jfinal.plugin.ehcache.CacheKit.getOrAddCache()]: Could not find cache config [link_list], using default.

2016-01-15 14:26:38
[ERROR]-[Thread: http--8080-0$44774050]-[com.jmaox.utils.EmailSender.send()]: 
java.lang.RuntimeException: javax.mail.MessagingException: Could not connect to SMTP host: smtp.jmaox.com, port: 465;
  nested exception is:
	java.net.SocketTimeoutException: connect timed out
	at com.jmaox.utils.EmailSender.send(EmailSender.java:99)
	at com.jmaox.utils.EmailSender.sendMail(EmailSender.java:130)
	at com.jmaox.index.IndexController.sendValiCode(IndexController.java:459)
	at sun.reflect.NativeMethodAccessorImpl.invoke0(Native Method)
	at sun.reflect.NativeMethodAccessorImpl.invoke(NativeMethodAccessorImpl.java:57)
	at sun.reflect.DelegatingMethodAccessorImpl.invoke(DelegatingMethodAccessorImpl.java:43)
	at java.lang.reflect.Method.invoke(Method.java:606)
	at com.jfinal.aop.Invocation.invoke(Invocation.java:71)
	at com.jmaox.interceptor.CommonInterceptor.intercept(CommonInterceptor.java:43)
	at com.jfinal.aop.Invocation.invoke(Invocation.java:65)
	at com.jfinal.ext.interceptor.SessionInViewInterceptor.intercept(SessionInViewInterceptor.java:44)
	at com.jfinal.aop.Invocation.invoke(Invocation.java:65)
	at com.jfinal.core.ActionHandler.handle(ActionHandler.java:74)
	at com.jmaox.handler.HtmlHandler.handle(HtmlHandler.java:17)
	at com.jfinal.plugin.druid.DruidStatViewHandler.handle(DruidStatViewHandler.java:75)
	at com.jfinal.core.JFinalFilter.doFilter(JFinalFilter.java:72)
	at com.caucho.server.dispatch.FilterFilterChain.doFilter(FilterFilterChain.java:87)
	at com.caucho.server.webapp.WebAppFilterChain.doFilter(WebAppFilterChain.java:187)
	at com.caucho.server.dispatch.ServletInvocation.service(ServletInvocation.java:265)
	at com.caucho.server.http.HttpRequest.handleRequest(HttpRequest.java:273)
	at com.caucho.server.port.TcpConnection.run(TcpConnection.java:682)
	at com.caucho.util.ThreadPool$Item.runTasks(ThreadPool.java:730)
	at com.caucho.util.ThreadPool$Item.run(ThreadPool.java:649)
	at java.lang.Thread.run(Thread.java:745)
Caused by: javax.mail.MessagingException: Could not connect to SMTP host: smtp.jmaox.com, port: 465;
  nested exception is:
	java.net.SocketTimeoutException: connect timed out
	at com.sun.mail.smtp.SMTPTransport.openServer(SMTPTransport.java:1391)
	at com.sun.mail.smtp.SMTPTransport.protocolConnect(SMTPTransport.java:412)
	at javax.mail.Service.connect(Service.java:310)
	at javax.mail.Service.connect(Service.java:169)
	at javax.mail.Service.connect(Service.java:118)
	at javax.mail.Transport.send0(Transport.java:188)
	at javax.mail.Transport.send(Transport.java:118)
	at com.jmaox.utils.EmailSender.send(EmailSender.java:96)
	... 23 more
Caused by: java.net.SocketTimeoutException: connect timed out
	at java.net.PlainSocketImpl.socketConnect(Native Method)
	at java.net.AbstractPlainSocketImpl.doConnect(AbstractPlainSocketImpl.java:339)
	at java.net.AbstractPlainSocketImpl.connectToAddress(AbstractPlainSocketImpl.java:200)
	at java.net.AbstractPlainSocketImpl.connect(AbstractPlainSocketImpl.java:182)
	at java.net.SocksSocketImpl.connect(SocksSocketImpl.java:392)
	at java.net.Socket.connect(Socket.java:579)
	at sun.security.ssl.SSLSocketImpl.connect(SSLSocketImpl.java:618)
	at com.sun.mail.util.SocketFetcher.createSocket(SocketFetcher.java:231)
	at com.sun.mail.util.SocketFetcher.getSocket(SocketFetcher.java:163)
	at com.sun.mail.smtp.SMTPTransport.openServer(SMTPTransport.java:1359)
	... 30 more

2016-01-15 14:27:23
[ERROR]-[Thread: http--8080-5$1918497200]-[com.jmaox.utils.EmailSender.send()]: 
java.lang.RuntimeException: javax.mail.MessagingException: Could not connect to SMTP host: smtp.jmaox.com, port: 465;
  nested exception is:
	java.net.SocketTimeoutException: connect timed out
	at com.jmaox.utils.EmailSender.send(EmailSender.java:99)
	at com.jmaox.utils.EmailSender.sendMail(EmailSender.java:130)
	at com.jmaox.index.IndexController.sendValiCode(IndexController.java:459)
	at sun.reflect.NativeMethodAccessorImpl.invoke0(Native Method)
	at sun.reflect.NativeMethodAccessorImpl.invoke(NativeMethodAccessorImpl.java:57)
	at sun.reflect.DelegatingMethodAccessorImpl.invoke(DelegatingMethodAccessorImpl.java:43)
	at java.lang.reflect.Method.invoke(Method.java:606)
	at com.jfinal.aop.Invocation.invoke(Invocation.java:71)
	at com.jmaox.interceptor.CommonInterceptor.intercept(CommonInterceptor.java:43)
	at com.jfinal.aop.Invocation.invoke(Invocation.java:65)
	at com.jfinal.ext.interceptor.SessionInViewInterceptor.intercept(SessionInViewInterceptor.java:44)
	at com.jfinal.aop.Invocation.invoke(Invocation.java:65)
	at com.jfinal.core.ActionHandler.handle(ActionHandler.java:74)
	at com.jmaox.handler.HtmlHandler.handle(HtmlHandler.java:17)
	at com.jfinal.plugin.druid.DruidStatViewHandler.handle(DruidStatViewHandler.java:75)
	at com.jfinal.core.JFinalFilter.doFilter(JFinalFilter.java:72)
	at com.caucho.server.dispatch.FilterFilterChain.doFilter(FilterFilterChain.java:87)
	at com.caucho.server.webapp.WebAppFilterChain.doFilter(WebAppFilterChain.java:187)
	at com.caucho.server.dispatch.ServletInvocation.service(ServletInvocation.java:265)
	at com.caucho.server.http.HttpRequest.handleRequest(HttpRequest.java:273)
	at com.caucho.server.port.TcpConnection.run(TcpConnection.java:682)
	at com.caucho.util.ThreadPool$Item.runTasks(ThreadPool.java:730)
	at com.caucho.util.ThreadPool$Item.run(ThreadPool.java:649)
	at java.lang.Thread.run(Thread.java:745)
Caused by: javax.mail.MessagingException: Could not connect to SMTP host: smtp.jmaox.com, port: 465;
  nested exception is:
	java.net.SocketTimeoutException: connect timed out
	at com.sun.mail.smtp.SMTPTransport.openServer(SMTPTransport.java:1391)
	at com.sun.mail.smtp.SMTPTransport.protocolConnect(SMTPTransport.java:412)
	at javax.mail.Service.connect(Service.java:310)
	at javax.mail.Service.connect(Service.java:169)
	at javax.mail.Service.connect(Service.java:118)
	at javax.mail.Transport.send0(Transport.java:188)
	at javax.mail.Transport.send(Transport.java:118)
	at com.jmaox.utils.EmailSender.send(EmailSender.java:96)
	... 23 more
Caused by: java.net.SocketTimeoutException: connect timed out
	at java.net.PlainSocketImpl.socketConnect(Native Method)
	at java.net.AbstractPlainSocketImpl.doConnect(AbstractPlainSocketImpl.java:339)
	at java.net.AbstractPlainSocketImpl.connectToAddress(AbstractPlainSocketImpl.java:200)
	at java.net.AbstractPlainSocketImpl.connect(AbstractPlainSocketImpl.java:182)
	at java.net.SocksSocketImpl.connect(SocksSocketImpl.java:392)
	at java.net.Socket.connect(Socket.java:579)
	at sun.security.ssl.SSLSocketImpl.connect(SSLSocketImpl.java:618)
	at com.sun.mail.util.SocketFetcher.createSocket(SocketFetcher.java:231)
	at com.sun.mail.util.SocketFetcher.getSocket(SocketFetcher.java:163)
	at com.sun.mail.smtp.SMTPTransport.openServer(SMTPTransport.java:1359)
	... 30 more

2016-01-15 14:28:20
[WARN]-[Thread: http--8080-1$172107178]-[com.jfinal.plugin.ehcache.CacheKit.getOrAddCache()]: Could not find cache config [section_show_list], using default.

2016-01-15 14:28:21
[WARN]-[Thread: http--8080-1$172107178]-[com.jfinal.plugin.ehcache.CacheKit.getOrAddCache()]: Could not find cache config [link_list], using default.
